log to file
SELECT * FROM profiles where sureName like ? or where firstName like ? 
log to file
log to file
log to file
after wildcard
after wildcard
after wildcard
after wildcard
after wildcard
after wildcard
after wildcard
after wildcard
after wildcard




s:2:"%%";
s:2:"%%";
s:2:"%%";
%Phillip%
%Phillip%
%Phillip%
%Phillip%
%Phillip%
%Phillip%
%Phillip%
%Phillip%

%Phillip%

%Phillip%

%Phillip%

%Phillip%

%Phillip%

%Phillip%

%Phillip%

%Phillip%
b:0;
%Phillip%
b:0;
%Phillip%
b:0;
%Phillip%
b:0;
%Phillip%
b:0;
%Phillip%
b:0;
%Phillip%
b:0;
%Phillip%
b:0;







hello
hello
hello
hello
hello
hello
hello
hello
hello
hello
hello
hello
hello
hello
helloInside
helloInside
Unknown database 'memberschooldatabases'
Unknown database 'memberschooldatabases'
Unknown database 'memberschooldatabases'
O:6:"mysqli":19:{s:13:"affected_rows";N;s:11:"client_info";N;s:14:"client_version";N;s:13:"connect_errno";N;s:13:"connect_error";N;s:5:"errno";N;s:5:"error";N;s:10:"error_list";N;s:11:"field_count";N;s:9:"host_info";N;s:4:"info";N;s:9:"insert_id";N;s:11:"server_info";N;s:14:"server_version";N;s:4:"stat";N;s:8:"sqlstate";N;s:16:"protocol_version";N;s:9:"thread_id";N;s:13:"warning_count";N;}
O:6:"mysqli":19:{s:13:"affected_rows";N;s:11:"client_info";N;s:14:"client_version";N;s:13:"connect_errno";N;s:13:"connect_error";N;s:5:"errno";N;s:5:"error";N;s:10:"error_list";N;s:11:"field_count";N;s:9:"host_info";N;s:4:"info";N;s:9:"insert_id";N;s:11:"server_info";N;s:14:"server_version";N;s:4:"stat";N;s:8:"sqlstate";N;s:16:"protocol_version";N;s:9:"thread_id";N;s:13:"warning_count";N;}
O:6:"mysqli":18:{s:13:"affected_rows";N;s:11:"client_info";N;s:14:"client_version";N;s:13:"connect_errno";N;s:13:"connect_error";N;s:5:"errno";N;s:5:"error";N;s:10:"error_list";N;s:11:"field_count";N;s:9:"host_info";N;s:4:"info";N;s:9:"insert_id";N;s:11:"server_info";N;s:14:"server_version";N;s:8:"sqlstate";N;s:16:"protocol_version";N;s:9:"thread_id";N;s:13:"warning_count";N;}
O:6:"mysqli":19:{s:13:"affected_rows";N;s:11:"client_info";N;s:14:"client_version";N;s:13:"connect_errno";N;s:13:"connect_error";N;s:5:"errno";N;s:5:"error";N;s:10:"error_list";N;s:11:"field_count";N;s:9:"host_info";N;s:4:"info";N;s:9:"insert_id";N;s:11:"server_info";N;s:14:"server_version";N;s:4:"stat";N;s:8:"sqlstate";N;s:16:"protocol_version";N;s:9:"thread_id";N;s:13:"warning_count";N;}
O:6:"mysqli":18:{s:13:"affected_rows";N;s:11:"client_info";N;s:14:"client_version";N;s:13:"connect_errno";N;s:13:"connect_error";N;s:5:"errno";N;s:5:"error";N;s:10:"error_list";N;s:11:"field_count";N;s:9:"host_info";N;s:4:"info";N;s:9:"insert_id";N;s:11:"server_info";N;s:14:"server_version";N;s:8:"sqlstate";N;s:16:"protocol_version";N;s:9:"thread_id";N;s:13:"warning_count";N;}
O:6:"mysqli":19:{s:13:"affected_rows";N;s:11:"client_info";N;s:14:"client_version";N;s:13:"connect_errno";N;s:13:"connect_error";N;s:5:"errno";N;s:5:"error";N;s:10:"error_list";N;s:11:"field_count";N;s:9:"host_info";N;s:4:"info";N;s:9:"insert_id";N;s:11:"server_info";N;s:14:"server_version";N;s:4:"stat";N;s:8:"sqlstate";N;s:16:"protocol_version";N;s:9:"thread_id";N;s:13:"warning_count";N;}
O:6:"mysqli":18:{s:13:"affected_rows";N;s:11:"client_info";N;s:14:"client_version";N;s:13:"connect_errno";N;s:13:"connect_error";N;s:5:"errno";N;s:5:"error";N;s:10:"error_list";N;s:11:"field_count";N;s:9:"host_info";N;s:4:"info";N;s:9:"insert_id";N;s:11:"server_info";N;s:14:"server_version";N;s:8:"sqlstate";N;s:16:"protocol_version";N;s:9:"thread_id";N;s:13:"warning_count";N;}
O:6:"mysqli":18:{s:13:"affected_rows";N;s:11:"client_info";N;s:14:"client_version";N;s:13:"connect_errno";N;s:13:"connect_error";N;s:5:"errno";N;s:5:"error";N;s:10:"error_list";N;s:11:"field_count";N;s:9:"host_info";N;s:4:"info";N;s:9:"insert_id";N;s:11:"server_info";N;s:14:"server_version";N;s:8:"sqlstate";N;s:16:"protocol_version";N;s:9:"thread_id";N;s:13:"warning_count";N;}
O:6:"mysqli":18:{s:13:"affected_rows";N;s:11:"client_info";N;s:14:"client_version";N;s:13:"connect_errno";N;s:13:"connect_error";N;s:5:"errno";N;s:5:"error";N;s:10:"error_list";N;s:11:"field_count";N;s:9:"host_info";N;s:4:"info";N;s:9:"insert_id";N;s:11:"server_info";N;s:14:"server_version";N;s:8:"sqlstate";N;s:16:"protocol_version";N;s:9:"thread_id";N;s:13:"warning_count";N;}
O:6:"mysqli":19:{s:13:"affected_rows";N;s:11:"client_info";N;s:14:"client_version";N;s:13:"connect_errno";N;s:13:"connect_error";N;s:5:"errno";N;s:5:"error";N;s:10:"error_list";N;s:11:"field_count";N;s:9:"host_info";N;s:4:"info";N;s:9:"insert_id";N;s:11:"server_info";N;s:14:"server_version";N;s:4:"stat";N;s:8:"sqlstate";N;s:16:"protocol_version";N;s:9:"thread_id";N;s:13:"warning_count";N;}
O:6:"mysqli":19:{s:13:"affected_rows";N;s:11:"client_info";N;s:14:"client_version";N;s:13:"connect_errno";N;s:13:"connect_error";N;s:5:"errno";N;s:5:"error";N;s:10:"error_list";N;s:11:"field_count";N;s:9:"host_info";N;s:4:"info";N;s:9:"insert_id";N;s:11:"server_info";N;s:14:"server_version";N;s:4:"stat";N;s:8:"sqlstate";N;s:16:"protocol_version";N;s:9:"thread_id";N;s:13:"warning_count";N;}
helloInside
O:6:"mysqli":19:{s:13:"affected_rows";N;s:11:"client_info";N;s:14:"client_version";N;s:13:"connect_errno";N;s:13:"connect_error";N;s:5:"errno";N;s:5:"error";N;s:10:"error_list";N;s:11:"field_count";N;s:9:"host_info";N;s:4:"info";N;s:9:"insert_id";N;s:11:"server_info";N;s:14:"server_version";N;s:4:"stat";N;s:8:"sqlstate";N;s:16:"protocol_version";N;s:9:"thread_id";N;s:13:"warning_count";N;}
helloInside
O:6:"mysqli":19:{s:13:"affected_rows";N;s:11:"client_info";N;s:14:"client_version";N;s:13:"connect_errno";N;s:13:"connect_error";N;s:5:"errno";N;s:5:"error";N;s:10:"error_list";N;s:11:"field_count";N;s:9:"host_info";N;s:4:"info";N;s:9:"insert_id";N;s:11:"server_info";N;s:14:"server_version";N;s:4:"stat";N;s:8:"sqlstate";N;s:16:"protocol_version";N;s:9:"thread_id";N;s:13:"warning_count";N;}
helloInside
O:6:"mysqli":19:{s:13:"affected_rows";N;s:11:"client_info";N;s:14:"client_version";N;s:13:"connect_errno";N;s:13:"connect_error";N;s:5:"errno";N;s:5:"error";N;s:10:"error_list";N;s:11:"field_count";N;s:9:"host_info";N;s:4:"info";N;s:9:"insert_id";N;s:11:"server_info";N;s:14:"server_version";N;s:4:"stat";N;s:8:"sqlstate";N;s:16:"protocol_version";N;s:9:"thread_id";N;s:13:"warning_count";N;}
helloInside
O:6:"mysqli":19:{s:13:"affected_rows";N;s:11:"client_info";N;s:14:"client_version";N;s:13:"connect_errno";N;s:13:"connect_error";N;s:5:"errno";N;s:5:"error";N;s:10:"error_list";N;s:11:"field_count";N;s:9:"host_info";N;s:4:"info";N;s:9:"insert_id";N;s:11:"server_info";N;s:14:"server_version";N;s:4:"stat";N;s:8:"sqlstate";N;s:16:"protocol_version";N;s:9:"thread_id";N;s:13:"warning_count";N;}
helloInside
O:6:"mysqli":19:{s:13:"affected_rows";N;s:11:"client_info";N;s:14:"client_version";N;s:13:"connect_errno";N;s:13:"connect_error";N;s:5:"errno";N;s:5:"error";N;s:10:"error_list";N;s:11:"field_count";N;s:9:"host_info";N;s:4:"info";N;s:9:"insert_id";N;s:11:"server_info";N;s:14:"server_version";N;s:4:"stat";N;s:8:"sqlstate";N;s:16:"protocol_version";N;s:9:"thread_id";N;s:13:"warning_count";N;}
helloInside
O:6:"mysqli":19:{s:13:"affected_rows";N;s:11:"client_info";N;s:14:"client_version";N;s:13:"connect_errno";N;s:13:"connect_error";N;s:5:"errno";N;s:5:"error";N;s:10:"error_list";N;s:11:"field_count";N;s:9:"host_info";N;s:4:"info";N;s:9:"insert_id";N;s:11:"server_info";N;s:14:"server_version";N;s:4:"stat";N;s:8:"sqlstate";N;s:16:"protocol_version";N;s:9:"thread_id";N;s:13:"warning_count";N;}
helloInside
O:6:"mysqli":19:{s:13:"affected_rows";N;s:11:"client_info";N;s:14:"client_version";N;s:13:"connect_errno";N;s:13:"connect_error";N;s:5:"errno";N;s:5:"error";N;s:10:"error_list";N;s:11:"field_count";N;s:9:"host_info";N;s:4:"info";N;s:9:"insert_id";N;s:11:"server_info";N;s:14:"server_version";N;s:4:"stat";N;s:8:"sqlstate";N;s:16:"protocol_version";N;s:9:"thread_id";N;s:13:"warning_count";N;}
helloInside
O:6:"mysqli":18:{s:13:"affected_rows";N;s:11:"client_info";N;s:14:"client_version";N;s:13:"connect_errno";N;s:13:"connect_error";N;s:5:"errno";N;s:5:"error";N;s:10:"error_list";N;s:11:"field_count";N;s:9:"host_info";N;s:4:"info";N;s:9:"insert_id";N;s:11:"server_info";N;s:14:"server_version";N;s:8:"sqlstate";N;s:16:"protocol_version";N;s:9:"thread_id";N;s:13:"warning_count";N;}
helloInside
O:6:"mysqli":18:{s:13:"affected_rows";N;s:11:"client_info";N;s:14:"client_version";N;s:13:"connect_errno";N;s:13:"connect_error";N;s:5:"errno";N;s:5:"error";N;s:10:"error_list";N;s:11:"field_count";N;s:9:"host_info";N;s:4:"info";N;s:9:"insert_id";N;s:11:"server_info";N;s:14:"server_version";N;s:8:"sqlstate";N;s:16:"protocol_version";N;s:9:"thread_id";N;s:13:"warning_count";N;}
helloInside
O:6:"mysqli":19:{s:13:"affected_rows";N;s:11:"client_info";N;s:14:"client_version";N;s:13:"connect_errno";N;s:13:"connect_error";N;s:5:"errno";N;s:5:"error";N;s:10:"error_list";N;s:11:"field_count";N;s:9:"host_info";N;s:4:"info";N;s:9:"insert_id";N;s:11:"server_info";N;s:14:"server_version";N;s:4:"stat";N;s:8:"sqlstate";N;s:16:"protocol_version";N;s:9:"thread_id";N;s:13:"warning_count";N;}
helloInside
O:6:"mysqli":19:{s:13:"affected_rows";N;s:11:"client_info";N;s:14:"client_version";N;s:13:"connect_errno";N;s:13:"connect_error";N;s:5:"errno";N;s:5:"error";N;s:10:"error_list";N;s:11:"field_count";N;s:9:"host_info";N;s:4:"info";N;s:9:"insert_id";N;s:11:"server_info";N;s:14:"server_version";N;s:4:"stat";N;s:8:"sqlstate";N;s:16:"protocol_version";N;s:9:"thread_id";N;s:13:"warning_count";N;}
helloInside
O:6:"mysqli":19:{s:13:"affected_rows";N;s:11:"client_info";N;s:14:"client_version";N;s:13:"connect_errno";N;s:13:"connect_error";N;s:5:"errno";N;s:5:"error";N;s:10:"error_list";N;s:11:"field_count";N;s:9:"host_info";N;s:4:"info";N;s:9:"insert_id";N;s:11:"server_info";N;s:14:"server_version";N;s:4:"stat";N;s:8:"sqlstate";N;s:16:"protocol_version";N;s:9:"thread_id";N;s:13:"warning_count";N;}
helloInside
O:6:"mysqli":18:{s:13:"affected_rows";N;s:11:"client_info";N;s:14:"client_version";N;s:13:"connect_errno";N;s:13:"connect_error";N;s:5:"errno";N;s:5:"error";N;s:10:"error_list";N;s:11:"field_count";N;s:9:"host_info";N;s:4:"info";N;s:9:"insert_id";N;s:11:"server_info";N;s:14:"server_version";N;s:8:"sqlstate";N;s:16:"protocol_version";N;s:9:"thread_id";N;s:13:"warning_count";N;}
helloInside
O:6:"mysqli":18:{s:13:"affected_rows";N;s:11:"client_info";N;s:14:"client_version";N;s:13:"connect_errno";N;s:13:"connect_error";N;s:5:"errno";N;s:5:"error";N;s:10:"error_list";N;s:11:"field_count";N;s:9:"host_info";N;s:4:"info";N;s:9:"insert_id";N;s:11:"server_info";N;s:14:"server_version";N;s:8:"sqlstate";N;s:16:"protocol_version";N;s:9:"thread_id";N;s:13:"warning_count";N;}
helloInside
O:6:"mysqli":18:{s:13:"affected_rows";N;s:11:"client_info";N;s:14:"client_version";N;s:13:"connect_errno";N;s:13:"connect_error";N;s:5:"errno";N;s:5:"error";N;s:10:"error_list";N;s:11:"field_count";N;s:9:"host_info";N;s:4:"info";N;s:9:"insert_id";N;s:11:"server_info";N;s:14:"server_version";N;s:8:"sqlstate";N;s:16:"protocol_version";N;s:9:"thread_id";N;s:13:"warning_count";N;}
helloInside
O:6:"mysqli":18:{s:13:"affected_rows";N;s:11:"client_info";N;s:14:"client_version";N;s:13:"connect_errno";N;s:13:"connect_error";N;s:5:"errno";N;s:5:"error";N;s:10:"error_list";N;s:11:"field_count";N;s:9:"host_info";N;s:4:"info";N;s:9:"insert_id";N;s:11:"server_info";N;s:14:"server_version";N;s:8:"sqlstate";N;s:16:"protocol_version";N;s:9:"thread_id";N;s:13:"warning_count";N;}
helloInside
O:6:"mysqli":18:{s:13:"affected_rows";N;s:11:"client_info";N;s:14:"client_version";N;s:13:"connect_errno";N;s:13:"connect_error";N;s:5:"errno";N;s:5:"error";N;s:10:"error_list";N;s:11:"field_count";N;s:9:"host_info";N;s:4:"info";N;s:9:"insert_id";N;s:11:"server_info";N;s:14:"server_version";N;s:8:"sqlstate";N;s:16:"protocol_version";N;s:9:"thread_id";N;s:13:"warning_count";N;}
helloInside
O:6:"mysqli":18:{s:13:"affected_rows";N;s:11:"client_info";N;s:14:"client_version";N;s:13:"connect_errno";N;s:13:"connect_error";N;s:5:"errno";N;s:5:"error";N;s:10:"error_list";N;s:11:"field_count";N;s:9:"host_info";N;s:4:"info";N;s:9:"insert_id";N;s:11:"server_info";N;s:14:"server_version";N;s:8:"sqlstate";N;s:16:"protocol_version";N;s:9:"thread_id";N;s:13:"warning_count";N;}
helloInside
O:6:"mysqli":18:{s:13:"affected_rows";N;s:11:"client_info";N;s:14:"client_version";N;s:13:"connect_errno";N;s:13:"connect_error";N;s:5:"errno";N;s:5:"error";N;s:10:"error_list";N;s:11:"field_count";N;s:9:"host_info";N;s:4:"info";N;s:9:"insert_id";N;s:11:"server_info";N;s:14:"server_version";N;s:8:"sqlstate";N;s:16:"protocol_version";N;s:9:"thread_id";N;s:13:"warning_count";N;}
helloInside
O:6:"mysqli":18:{s:13:"affected_rows";N;s:11:"client_info";N;s:14:"client_version";N;s:13:"connect_errno";N;s:13:"connect_error";N;s:5:"errno";N;s:5:"error";N;s:10:"error_list";N;s:11:"field_count";N;s:9:"host_info";N;s:4:"info";N;s:9:"insert_id";N;s:11:"server_info";N;s:14:"server_version";N;s:8:"sqlstate";N;s:16:"protocol_version";N;s:9:"thread_id";N;s:13:"warning_count";N;}
helloInside
O:6:"mysqli":19:{s:13:"affected_rows";N;s:11:"client_info";N;s:14:"client_version";N;s:13:"connect_errno";N;s:13:"connect_error";N;s:5:"errno";N;s:5:"error";N;s:10:"error_list";N;s:11:"field_count";N;s:9:"host_info";N;s:4:"info";N;s:9:"insert_id";N;s:11:"server_info";N;s:14:"server_version";N;s:4:"stat";N;s:8:"sqlstate";N;s:16:"protocol_version";N;s:9:"thread_id";N;s:13:"warning_count";N;}
helloInside
O:6:"mysqli":19:{s:13:"affected_rows";N;s:11:"client_info";N;s:14:"client_version";N;s:13:"connect_errno";N;s:13:"connect_error";N;s:5:"errno";N;s:5:"error";N;s:10:"error_list";N;s:11:"field_count";N;s:9:"host_info";N;s:4:"info";N;s:9:"insert_id";N;s:11:"server_info";N;s:14:"server_version";N;s:4:"stat";N;s:8:"sqlstate";N;s:16:"protocol_version";N;s:9:"thread_id";N;s:13:"warning_count";N;}
helloInside
O:6:"mysqli":19:{s:13:"affected_rows";N;s:11:"client_info";N;s:14:"client_version";N;s:13:"connect_errno";N;s:13:"connect_error";N;s:5:"errno";N;s:5:"error";N;s:10:"error_list";N;s:11:"field_count";N;s:9:"host_info";N;s:4:"info";N;s:9:"insert_id";N;s:11:"server_info";N;s:14:"server_version";N;s:4:"stat";N;s:8:"sqlstate";N;s:16:"protocol_version";N;s:9:"thread_id";N;s:13:"warning_count";N;}
helloInside
O:6:"mysqli":18:{s:13:"affected_rows";N;s:11:"client_info";N;s:14:"client_version";N;s:13:"connect_errno";N;s:13:"connect_error";N;s:5:"errno";N;s:5:"error";N;s:10:"error_list";N;s:11:"field_count";N;s:9:"host_info";N;s:4:"info";N;s:9:"insert_id";N;s:11:"server_info";N;s:14:"server_version";N;s:8:"sqlstate";N;s:16:"protocol_version";N;s:9:"thread_id";N;s:13:"warning_count";N;}
helloInside
O:6:"mysqli":19:{s:13:"affected_rows";N;s:11:"client_info";N;s:14:"client_version";N;s:13:"connect_errno";N;s:13:"connect_error";N;s:5:"errno";N;s:5:"error";N;s:10:"error_list";N;s:11:"field_count";N;s:9:"host_info";N;s:4:"info";N;s:9:"insert_id";N;s:11:"server_info";N;s:14:"server_version";N;s:4:"stat";N;s:8:"sqlstate";N;s:16:"protocol_version";N;s:9:"thread_id";N;s:13:"warning_count";N;}
helloInside
O:6:"mysqli":19:{s:13:"affected_rows";N;s:11:"client_info";N;s:14:"client_version";N;s:13:"connect_errno";N;s:13:"connect_error";N;s:5:"errno";N;s:5:"error";N;s:10:"error_list";N;s:11:"field_count";N;s:9:"host_info";N;s:4:"info";N;s:9:"insert_id";N;s:11:"server_info";N;s:14:"server_version";N;s:4:"stat";N;s:8:"sqlstate";N;s:16:"protocol_version";N;s:9:"thread_id";N;s:13:"warning_count";N;}
helloInside
O:6:"mysqli":19:{s:13:"affected_rows";N;s:11:"client_info";N;s:14:"client_version";N;s:13:"connect_errno";N;s:13:"connect_error";N;s:5:"errno";N;s:5:"error";N;s:10:"error_list";N;s:11:"field_count";N;s:9:"host_info";N;s:4:"info";N;s:9:"insert_id";N;s:11:"server_info";N;s:14:"server_version";N;s:4:"stat";N;s:8:"sqlstate";N;s:16:"protocol_version";N;s:9:"thread_id";N;s:13:"warning_count";N;}
O:6:"mysqli":19:{s:13:"affected_rows";N;s:11:"client_info";N;s:14:"client_version";N;s:13:"connect_errno";N;s:13:"connect_error";N;s:5:"errno";N;s:5:"error";N;s:10:"error_list";N;s:11:"field_count";N;s:9:"host_info";N;s:4:"info";N;s:9:"insert_id";N;s:11:"server_info";N;s:14:"server_version";N;s:4:"stat";N;s:8:"sqlstate";N;s:16:"protocol_version";N;s:9:"thread_id";N;s:13:"warning_count";N;}
O:6:"mysqli":19:{s:13:"affected_rows";N;s:11:"client_info";N;s:14:"client_version";N;s:13:"connect_errno";N;s:13:"connect_error";N;s:5:"errno";N;s:5:"error";N;s:10:"error_list";N;s:11:"field_count";N;s:9:"host_info";N;s:4:"info";N;s:9:"insert_id";N;s:11:"server_info";N;s:14:"server_version";N;s:4:"stat";N;s:8:"sqlstate";N;s:16:"protocol_version";N;s:9:"thread_id";N;s:13:"warning_count";N;}
O:6:"mysqli":18:{s:13:"affected_rows";N;s:11:"client_info";N;s:14:"client_version";N;s:13:"connect_errno";N;s:13:"connect_error";N;s:5:"errno";N;s:5:"error";N;s:10:"error_list";N;s:11:"field_count";N;s:9:"host_info";N;s:4:"info";N;s:9:"insert_id";N;s:11:"server_info";N;s:14:"server_version";N;s:8:"sqlstate";N;s:16:"protocol_version";N;s:9:"thread_id";N;s:13:"warning_count";N;}
O:6:"mysqli":18:{s:13:"affected_rows";N;s:11:"client_info";N;s:14:"client_version";N;s:13:"connect_errno";N;s:13:"connect_error";N;s:5:"errno";N;s:5:"error";N;s:10:"error_list";N;s:11:"field_count";N;s:9:"host_info";N;s:4:"info";N;s:9:"insert_id";N;s:11:"server_info";N;s:14:"server_version";N;s:8:"sqlstate";N;s:16:"protocol_version";N;s:9:"thread_id";N;s:13:"warning_count";N;}
O:6:"mysqli":18:{s:13:"affected_rows";N;s:11:"client_info";N;s:14:"client_version";N;s:13:"connect_errno";N;s:13:"connect_error";N;s:5:"errno";N;s:5:"error";N;s:10:"error_list";N;s:11:"field_count";N;s:9:"host_info";N;s:4:"info";N;s:9:"insert_id";N;s:11:"server_info";N;s:14:"server_version";N;s:8:"sqlstate";N;s:16:"protocol_version";N;s:9:"thread_id";N;s:13:"warning_count";N;}
O:6:"mysqli":18:{s:13:"affected_rows";N;s:11:"client_info";N;s:14:"client_version";N;s:13:"connect_errno";N;s:13:"connect_error";N;s:5:"errno";N;s:5:"error";N;s:10:"error_list";N;s:11:"field_count";N;s:9:"host_info";N;s:4:"info";N;s:9:"insert_id";N;s:11:"server_info";N;s:14:"server_version";N;s:8:"sqlstate";N;s:16:"protocol_version";N;s:9:"thread_id";N;s:13:"warning_count";N;}
O:6:"mysqli":18:{s:13:"affected_rows";N;s:11:"client_info";N;s:14:"client_version";N;s:13:"connect_errno";N;s:13:"connect_error";N;s:5:"errno";N;s:5:"error";N;s:10:"error_list";N;s:11:"field_count";N;s:9:"host_info";N;s:4:"info";N;s:9:"insert_id";N;s:11:"server_info";N;s:14:"server_version";N;s:8:"sqlstate";N;s:16:"protocol_version";N;s:9:"thread_id";N;s:13:"warning_count";N;}
O:6:"mysqli":19:{s:13:"affected_rows";N;s:11:"client_info";N;s:14:"client_version";N;s:13:"connect_errno";N;s:13:"connect_error";N;s:5:"errno";N;s:5:"error";N;s:10:"error_list";N;s:11:"field_count";N;s:9:"host_info";N;s:4:"info";N;s:9:"insert_id";N;s:11:"server_info";N;s:14:"server_version";N;s:4:"stat";N;s:8:"sqlstate";N;s:16:"protocol_version";N;s:9:"thread_id";N;s:13:"warning_count";N;}
O:6:"mysqli":19:{s:13:"affected_rows";N;s:11:"client_info";N;s:14:"client_version";N;s:13:"connect_errno";N;s:13:"connect_error";N;s:5:"errno";N;s:5:"error";N;s:10:"error_list";N;s:11:"field_count";N;s:9:"host_info";N;s:4:"info";N;s:9:"insert_id";N;s:11:"server_info";N;s:14:"server_version";N;s:4:"stat";N;s:8:"sqlstate";N;s:16:"protocol_version";N;s:9:"thread_id";N;s:13:"warning_count";N;}
O:6:"mysqli":19:{s:13:"affected_rows";N;s:11:"client_info";N;s:14:"client_version";N;s:13:"connect_errno";N;s:13:"connect_error";N;s:5:"errno";N;s:5:"error";N;s:10:"error_list";N;s:11:"field_count";N;s:9:"host_info";N;s:4:"info";N;s:9:"insert_id";N;s:11:"server_info";N;s:14:"server_version";N;s:4:"stat";N;s:8:"sqlstate";N;s:16:"protocol_version";N;s:9:"thread_id";N;s:13:"warning_count";N;}
